Using pre-set license
Built from '2020.3/staging' branch; Version is '2020.3.6f1 (338bb68529b2) revision 3378102'; Using compiler version '192528614'; Build Type 'Release'
OS: 'Windows 10 Pro; OS build 19042.985; Version 2009; 64bit' Language: 'en' Physical Memory: 8069 MB
BatchMode: 1, IsHumanControllingUs: 0, StartBugReporterOnCrash: 0, Is64bit: 1, IsPro: 0

 COMMAND LINE ARGUMENTS:
D:\Software Files\Unity\2020.3.6f1\Editor\Unity.exe
-adb2
-batchMode
-noUpm
-name
AssetImportWorker2
-projectPath
D:/Users/Prietse/Documents/Unity Apps/Influenza Striker
-logFile
Logs/AssetImportWorker2.log
-srvPort
64629
Successfully changed project path to: D:/Users/Prietse/Documents/Unity Apps/Influenza Striker
D:/Users/Prietse/Documents/Unity Apps/Influenza Striker
Using Asset Import Pipeline V2.
Refreshing native plugins compatible for Editor in 81.69 ms, found 0 plugins.
Preloading 0 native plugins for Editor in 0.00 ms.
Initialize engine version: 2020.3.6f1 (338bb68529b2)
[Subsystems] Discovering subsystems at path D:/Software Files/Unity/2020.3.6f1/Editor/Data/Resources/UnitySubsystems
[Subsystems] Discovering subsystems at path D:/Users/Prietse/Documents/Unity Apps/Influenza Striker/Assets
GfxDevice: creating device client; threaded=0
Direct3D:
    Version:  Direct3D 11.0 [level 11.1]
    Renderer: NVIDIA GeForce MX150 (ID=0x1d10)
    Vendor:   
    VRAM:     1983 MB
    Driver:   27.21.14.6109
Shader 'Universal Render Pipeline/Particles/Lit': fallback shader 'Universal Render Pipeline/Particles/SimpleLit' not found
Initialize mono
Mono path[0] = 'D:/Software Files/Unity/2020.3.6f1/Editor/Data/Managed'
Mono path[1] = 'D:/Software Files/Unity/2020.3.6f1/Editor/Data/MonoBleedingEdge/lib/mono/unityjit'
Mono config path = 'D:/Software Files/Unity/2020.3.6f1/Editor/Data/MonoBleedingEdge/etc'
Using monoOptions --debugger-agent=transport=dt_socket,embedding=1,server=y,suspend=n,address=127.0.0.1:56616
Begin MonoManager ReloadAssembly
Registering precompiled unity dll's ...
Register platform support module: D:/Software Files/Unity/2020.3.6f1/Editor/Data/PlaybackEngines/WebGLSupport/UnityEditor.WebGL.Extensions.dll
Register platform support module: D:/Software Files/Unity/2020.3.6f1/Editor/Data/PlaybackEngines/WindowsStandaloneSupport/UnityEditor.WindowsStandalone.Extensions.dll
Registered in 0.001560 seconds.
Native extension for WindowsStandalone target not found
Native extension for WebGL target not found
Refreshing native plugins compatible for Editor in 63.95 ms, found 0 plugins.
Preloading 0 native plugins for Editor in 0.00 ms.
Mono: successfully reloaded assembly
- Completed reload, in  1.815 seconds
Platform modules already initialized, skipping
Registering precompiled user dll's ...
Registered in 0.001355 seconds.
Begin MonoManager ReloadAssembly
Native extension for WindowsStandalone target not found
Native extension for WebGL target not found
Refreshing native plugins compatible for Editor in 71.98 ms, found 0 plugins.
Preloading 0 native plugins for Editor in 0.00 ms.
Mono: successfully reloaded assembly
- Completed reload, in  3.195 seconds
Platform modules already initialized, skipping
========================================================================
Worker process is ready to serve import requests
Shader 'Universal Render Pipeline/Particles/Lit': fallback shader 'Universal Render Pipeline/Particles/SimpleLit' not found
Launched and connected shader compiler UnityShaderCompiler.exe after 0.19 seconds
Refreshing native plugins compatible for Editor in 0.61 ms, found 0 plugins.
Preloading 0 native plugins for Editor in 0.00 ms.
Unloading 2854 Unused Serialized files (Serialized files now loaded: 0)
System memory in use before: 223.9 MB.
System memory in use after: 224.1 MB.

Unloading 24 unused Assets to reduce memory usage. Loaded Objects now: 3308.
Total: 3.001500 ms (FindLiveObjects: 0.366300 ms CreateObjectMapping: 0.241300 ms MarkObjects: 2.304900 ms  DeleteObjects: 0.087500 ms)

========================================================================
Received Import Request.
  path: Assets/Scenes/level10.unity
  artifactKey: Guid(c1aec4a342e04ed48a2512029ccc6396) Importer(815301076,1909f56bfc062723c751e8b465ee728b)
Start importing Assets/Scenes/level10.unity using Guid(c1aec4a342e04ed48a2512029ccc6396) Importer(815301076,1909f56bfc062723c751e8b465ee728b)  -> (artifact id: '7a44160d555a6e0bd779d3a169291434') in 0.046603 seconds
  Import took 0.104195 seconds .

========================================================================
Received Import Request.
  Time since last request: 66.177719 seconds.
  path: Assets/Scenes/level4.unity
  artifactKey: Guid(f529f62462555864c8d46d8f1d5df1e3) Importer(815301076,1909f56bfc062723c751e8b465ee728b)
Start importing Assets/Scenes/level4.unity using Guid(f529f62462555864c8d46d8f1d5df1e3) Importer(815301076,1909f56bfc062723c751e8b465ee728b)  -> (artifact id: '2dae4629465ff16e237de8809b1ac642') in 0.011420 seconds
  Import took 0.119235 seconds .

========================================================================
Received Import Request.
  Time since last request: 41.920041 seconds.
  path: Assets/Scenes/level4.unity
  artifactKey: Guid(f529f62462555864c8d46d8f1d5df1e3) Importer(815301076,1909f56bfc062723c751e8b465ee728b)
Start importing Assets/Scenes/level4.unity using Guid(f529f62462555864c8d46d8f1d5df1e3) Importer(815301076,1909f56bfc062723c751e8b465ee728b)  -> (artifact id: 'cab57bd5c82999891cfc2efe5df40277') in 0.004229 seconds
  Import took 0.075390 seconds .

========================================================================
Received Import Request.
  Time since last request: 54.434232 seconds.
  path: Assets/Scenes/level8.unity
  artifactKey: Guid(1d3df9dbf7448024cae2aaeaa0f5f877) Importer(815301076,1909f56bfc062723c751e8b465ee728b)
Start importing Assets/Scenes/level8.unity using Guid(1d3df9dbf7448024cae2aaeaa0f5f877) Importer(815301076,1909f56bfc062723c751e8b465ee728b)  -> (artifact id: 'e139bae46fae049e4d875d0929b11ed5') in 0.011510 seconds
  Import took 0.213151 seconds .

========================================================================
Received Import Request.
  Time since last request: 21.049498 seconds.
  path: Assets/Scenes/level9.unity
  artifactKey: Guid(7d25cecdbc476d2428ba649affd0198b) Importer(815301076,1909f56bfc062723c751e8b465ee728b)
Start importing Assets/Scenes/level9.unity using Guid(7d25cecdbc476d2428ba649affd0198b) Importer(815301076,1909f56bfc062723c751e8b465ee728b)  -> (artifact id: 'b212cee1290510444d3b9a8a164e084d') in 0.009874 seconds
  Import took 0.052077 seconds .

========================================================================
Received Import Request.
  Time since last request: 184.958241 seconds.
  path: Assets/Scenes/level3.unity
  artifactKey: Guid(d502e7f52c5e75942b2878de9e4cda74) Importer(815301076,1909f56bfc062723c751e8b465ee728b)
Start importing Assets/Scenes/level3.unity using Guid(d502e7f52c5e75942b2878de9e4cda74) Importer(815301076,1909f56bfc062723c751e8b465ee728b)  -> (artifact id: 'aabae83093e9ead70d7108f372f64a49') in 0.108659 seconds
  Import took 0.156881 seconds .

========================================================================
Received Import Request.
  Time since last request: 2.235084 seconds.
  path: Assets/Scenes/level8.unity
  artifactKey: Guid(1d3df9dbf7448024cae2aaeaa0f5f877) Importer(815301076,1909f56bfc062723c751e8b465ee728b)
Start importing Assets/Scenes/level8.unity using Guid(1d3df9dbf7448024cae2aaeaa0f5f877) Importer(815301076,1909f56bfc062723c751e8b465ee728b)  -> (artifact id: '4a77982e5778f5aebc72dde303160e26') in 0.012536 seconds
  Import took 0.046682 seconds .

========================================================================
Received Import Request.
  Time since last request: 101.591963 seconds.
  path: Assets/Scenes/level6.unity
  artifactKey: Guid(84f41bfc9dbd1144a81e5081df113f63) Importer(815301076,1909f56bfc062723c751e8b465ee728b)
Start importing Assets/Scenes/level6.unity using Guid(84f41bfc9dbd1144a81e5081df113f63) Importer(815301076,1909f56bfc062723c751e8b465ee728b)  -> (artifact id: 'f5c19029342e97ea3e0ccb2ff086ce8e') in 0.010996 seconds
  Import took 0.048915 seconds .

========================================================================
Received Import Request.
  Time since last request: 39.302726 seconds.
  path: Assets/Scenes/MainMenu.unity
  artifactKey: Guid(01d1a7a608b55da41a908951ca9a876b) Importer(815301076,1909f56bfc062723c751e8b465ee728b)
Start importing Assets/Scenes/MainMenu.unity using Guid(01d1a7a608b55da41a908951ca9a876b) Importer(815301076,1909f56bfc062723c751e8b465ee728b)  -> (artifact id: '51d738a35836703e611554b8d11411b3') in 0.011981 seconds
  Import took 0.046309 seconds .

========================================================================
Received Import Request.
  Time since last request: 44.938277 seconds.
  path: Assets/Scenes/level2.unity
  artifactKey: Guid(d00b3f177fa24f742a6e6975fa31c94e) Importer(815301076,1909f56bfc062723c751e8b465ee728b)
Start importing Assets/Scenes/level2.unity using Guid(d00b3f177fa24f742a6e6975fa31c94e) Importer(815301076,1909f56bfc062723c751e8b465ee728b)  -> (artifact id: '8d1d800bd4ce52c243f5b2d32a41f36c') in 0.010703 seconds
  Import took 0.084437 seconds .

========================================================================
Received Import Request.
  Time since last request: 36.944850 seconds.
  path: Assets/Scenes/level3.unity
  artifactKey: Guid(d502e7f52c5e75942b2878de9e4cda74) Importer(815301076,1909f56bfc062723c751e8b465ee728b)
Start importing Assets/Scenes/level3.unity using Guid(d502e7f52c5e75942b2878de9e4cda74) Importer(815301076,1909f56bfc062723c751e8b465ee728b)  -> (artifact id: '4106e991aa69874ffd1700c41e3f8681') in 0.005983 seconds
  Import took 0.117947 seconds .

========================================================================
Received Import Request.
  Time since last request: 11.487081 seconds.
  path: Assets/Scenes/level5.unity
  artifactKey: Guid(2b0543ee6ecc8d949af578b1d9244299) Importer(815301076,1909f56bfc062723c751e8b465ee728b)
Start importing Assets/Scenes/level5.unity using Guid(2b0543ee6ecc8d949af578b1d9244299) Importer(815301076,1909f56bfc062723c751e8b465ee728b)  -> (artifact id: 'cf51f54bd421a1d8e3c51acbf8f9f5e7') in 0.061199 seconds
  Import took 0.208304 seconds .

========================================================================
Received Import Request.
  Time since last request: 44.580364 seconds.
  path: Assets/Scenes/level7.unity
  artifactKey: Guid(d89dbcb8c30b0814a883e97dcf65178f) Importer(815301076,1909f56bfc062723c751e8b465ee728b)
Start importing Assets/Scenes/level7.unity using Guid(d89dbcb8c30b0814a883e97dcf65178f) Importer(815301076,1909f56bfc062723c751e8b465ee728b)  -> (artifact id: 'cf3374370b6b670d8b212517e9c0c2ac') in 0.011032 seconds
  Import took 0.016745 seconds .

========================================================================
Received Import Request.
  Time since last request: 40.428043 seconds.
  path: Assets/Scenes/level9.unity
  artifactKey: Guid(7d25cecdbc476d2428ba649affd0198b) Importer(815301076,1909f56bfc062723c751e8b465ee728b)
Start importing Assets/Scenes/level9.unity using Guid(7d25cecdbc476d2428ba649affd0198b) Importer(815301076,1909f56bfc062723c751e8b465ee728b)  -> (artifact id: 'e7c83bd6b0654b93073e4472e2c0b6d7') in 0.012888 seconds
  Import took 1.951040 seconds .

========================================================================
Received Import Request.
  Time since last request: 17.597099 seconds.
  path: Assets/Scenes/level10.unity
  artifactKey: Guid(c1aec4a342e04ed48a2512029ccc6396) Importer(815301076,1909f56bfc062723c751e8b465ee728b)
Start importing Assets/Scenes/level10.unity using Guid(c1aec4a342e04ed48a2512029ccc6396) Importer(815301076,1909f56bfc062723c751e8b465ee728b)  -> (artifact id: '40df275622a3e92770ac7fa063984cb1') in 0.004347 seconds
  Import took 0.013474 seconds .

========================================================================
Received Import Request.
  Time since last request: 34.180170 seconds.
  path: Assets/Scenes/level10.unity
  artifactKey: Guid(c1aec4a342e04ed48a2512029ccc6396) Importer(815301076,1909f56bfc062723c751e8b465ee728b)
Start importing Assets/Scenes/level10.unity using Guid(c1aec4a342e04ed48a2512029ccc6396) Importer(815301076,1909f56bfc062723c751e8b465ee728b)  -> (artifact id: 'ddf6053f889ecbcb1b4ec40157cc8b02') in 0.003932 seconds
  Import took 0.062491 seconds .

========================================================================
Received Import Request.
  Time since last request: 1.631284 seconds.
  path: Assets/Scenes/level9.unity
  artifactKey: Guid(7d25cecdbc476d2428ba649affd0198b) Importer(815301076,1909f56bfc062723c751e8b465ee728b)
Start importing Assets/Scenes/level9.unity using Guid(7d25cecdbc476d2428ba649affd0198b) Importer(815301076,1909f56bfc062723c751e8b465ee728b)  -> (artifact id: '1e5a4d56f752846a6ad35e30e4544d69') in 0.004283 seconds
  Import took 0.076406 seconds .

========================================================================
Received Import Request.
  Time since last request: 1.746484 seconds.
  path: Assets/Scenes/level8.unity
  artifactKey: Guid(1d3df9dbf7448024cae2aaeaa0f5f877) Importer(815301076,1909f56bfc062723c751e8b465ee728b)
Start importing Assets/Scenes/level8.unity using Guid(1d3df9dbf7448024cae2aaeaa0f5f877) Importer(815301076,1909f56bfc062723c751e8b465ee728b)  -> (artifact id: 'e1edf1038dc84adec428f29b12ff0ef7') in 0.004193 seconds
  Import took 0.069900 seconds .

========================================================================
Received Import Request.
  Time since last request: 3.248019 seconds.
  path: Assets/Scenes/level7.unity
  artifactKey: Guid(d89dbcb8c30b0814a883e97dcf65178f) Importer(815301076,1909f56bfc062723c751e8b465ee728b)
Start importing Assets/Scenes/level7.unity using Guid(d89dbcb8c30b0814a883e97dcf65178f) Importer(815301076,1909f56bfc062723c751e8b465ee728b)  -> (artifact id: 'd8ef0fc1a500b848ad9d27e45c6f943f') in 0.004110 seconds
  Import took 0.087394 seconds .

========================================================================
Received Import Request.
  Time since last request: 1.197609 seconds.
  path: Assets/Scenes/level6.unity
  artifactKey: Guid(84f41bfc9dbd1144a81e5081df113f63) Importer(815301076,1909f56bfc062723c751e8b465ee728b)
Start importing Assets/Scenes/level6.unity using Guid(84f41bfc9dbd1144a81e5081df113f63) Importer(815301076,1909f56bfc062723c751e8b465ee728b)  -> (artifact id: 'cfbe029263994e86cc574d787c299f46') in 0.005325 seconds
  Import took 0.025233 seconds .

========================================================================
Received Import Request.
  Time since last request: 1.515746 seconds.
  path: Assets/Scenes/level5.unity
  artifactKey: Guid(2b0543ee6ecc8d949af578b1d9244299) Importer(815301076,1909f56bfc062723c751e8b465ee728b)
Start importing Assets/Scenes/level5.unity using Guid(2b0543ee6ecc8d949af578b1d9244299) Importer(815301076,1909f56bfc062723c751e8b465ee728b)  -> (artifact id: 'd2b9db56f9fe6e252e49ae80fd43a341') in 0.004065 seconds
  Import took 0.052050 seconds .

========================================================================
Received Import Request.
  Time since last request: 37.644071 seconds.
  path: Assets/Scenes/level4.unity
  artifactKey: Guid(f529f62462555864c8d46d8f1d5df1e3) Importer(815301076,1909f56bfc062723c751e8b465ee728b)
Start importing Assets/Scenes/level4.unity using Guid(f529f62462555864c8d46d8f1d5df1e3) Importer(815301076,1909f56bfc062723c751e8b465ee728b)  -> (artifact id: '7882fafd70262ba75ea9d8048efd0699') in 0.004647 seconds
  Import took 0.149887 seconds .

========================================================================
Received Import Request.
  Time since last request: 3.201768 seconds.
  path: Assets/Scenes/level2.unity
  artifactKey: Guid(d00b3f177fa24f742a6e6975fa31c94e) Importer(815301076,1909f56bfc062723c751e8b465ee728b)
Start importing Assets/Scenes/level2.unity using Guid(d00b3f177fa24f742a6e6975fa31c94e) Importer(815301076,1909f56bfc062723c751e8b465ee728b)  -> (artifact id: '16d4a600bc51dcf38387844c14039c3a') in 0.004441 seconds
  Import took 0.030676 seconds .

========================================================================
Received Import Request.
  Time since last request: 1.571859 seconds.
  path: Assets/Scenes/level1.unity
  artifactKey: Guid(43a4d6bf2ac88f84182be4b6b5b95aca) Importer(815301076,1909f56bfc062723c751e8b465ee728b)
Start importing Assets/Scenes/level1.unity using Guid(43a4d6bf2ac88f84182be4b6b5b95aca) Importer(815301076,1909f56bfc062723c751e8b465ee728b)  -> (artifact id: 'd03014c94fac23b34ff41318e028a318') in 0.011735 seconds
  Import took 0.095757 seconds .

========================================================================
Received Import Request.
  Time since last request: 15.330726 seconds.
  path: Assets/Scenes/level5.unity
  artifactKey: Guid(2b0543ee6ecc8d949af578b1d9244299) Importer(815301076,1909f56bfc062723c751e8b465ee728b)
Start importing Assets/Scenes/level5.unity using Guid(2b0543ee6ecc8d949af578b1d9244299) Importer(815301076,1909f56bfc062723c751e8b465ee728b)  -> (artifact id: 'f8d517b37387c181c07e8e5e28ec2693') in 0.004388 seconds
  Import took 0.070459 seconds .

========================================================================
Received Import Request.
  Time since last request: 13.644527 seconds.
  path: Assets/Scenes/level9.unity
  artifactKey: Guid(7d25cecdbc476d2428ba649affd0198b) Importer(815301076,1909f56bfc062723c751e8b465ee728b)
Start importing Assets/Scenes/level9.unity using Guid(7d25cecdbc476d2428ba649affd0198b) Importer(815301076,1909f56bfc062723c751e8b465ee728b)  -> (artifact id: '6f7185dbd2dd438887e95696a3e425c1') in 0.003828 seconds
  Import took 0.098383 seconds .

========================================================================
Received Import Request.
  Time since last request: 25.462439 seconds.
  path: Assets/Scenes/level7.unity
  artifactKey: Guid(d89dbcb8c30b0814a883e97dcf65178f) Importer(815301076,1909f56bfc062723c751e8b465ee728b)
Start importing Assets/Scenes/level7.unity using Guid(d89dbcb8c30b0814a883e97dcf65178f) Importer(815301076,1909f56bfc062723c751e8b465ee728b)  -> (artifact id: '742e118ffe9acc613e8f57a55e5f6fd7') in 0.004480 seconds
  Import took 0.059666 seconds .

========================================================================
Received Import Request.
  Time since last request: 1.366321 seconds.
  path: Assets/Scenes/level6.unity
  artifactKey: Guid(84f41bfc9dbd1144a81e5081df113f63) Importer(815301076,1909f56bfc062723c751e8b465ee728b)
Start importing Assets/Scenes/level6.unity using Guid(84f41bfc9dbd1144a81e5081df113f63) Importer(815301076,1909f56bfc062723c751e8b465ee728b)  -> (artifact id: '297be986f358210894a2bc69dd3ab25b') in 0.004164 seconds
  Import took 0.127401 seconds .

========================================================================
Received Import Request.
  Time since last request: 4.462039 seconds.
  path: Assets/Scenes/level1.unity
  artifactKey: Guid(43a4d6bf2ac88f84182be4b6b5b95aca) Importer(815301076,1909f56bfc062723c751e8b465ee728b)
Start importing Assets/Scenes/level1.unity using Guid(43a4d6bf2ac88f84182be4b6b5b95aca) Importer(815301076,1909f56bfc062723c751e8b465ee728b)  -> (artifact id: '8d63a2a5d3f3bea66ce7a40791e5d875') in 0.004622 seconds
  Import took 0.010810 seconds .

========================================================================
Received Import Request.
  Time since last request: 81.273479 seconds.
  path: Assets/Scripts/Saving Game Data/SavingSystem.cs
  artifactKey: Guid(0935843e50416db49a760534d52bedc0) Importer(815301076,1909f56bfc062723c751e8b465ee728b)
Start importing Assets/Scripts/Saving Game Data/SavingSystem.cs using Guid(0935843e50416db49a760534d52bedc0) Importer(815301076,1909f56bfc062723c751e8b465ee728b)  -> (artifact id: '5e22b1dd546d3d799343cb4b1a7faaf6') in 1.391237 seconds
  Import took 1.531970 seconds .

========================================================================
Received Import Request.
  Time since last request: 0.000471 seconds.
  path: Assets/Scripts/Saving Game Data/AlmanacData.cs
  artifactKey: Guid(53bd20c6015614345bc9ba5b3b0e95a2) Importer(815301076,1909f56bfc062723c751e8b465ee728b)
Start importing Assets/Scripts/Saving Game Data/AlmanacData.cs using Guid(53bd20c6015614345bc9ba5b3b0e95a2) Importer(815301076,1909f56bfc062723c751e8b465ee728b)  -> (artifact id: '26c3dae7f2dd17c908297e728597a78a') in 0.010811 seconds
  Import took 0.087036 seconds .

========================================================================
Received Import Request.
  Time since last request: 0.137145 seconds.
  path: Assets/Scripts/Saving Game Data/SettingsData.cs
  artifactKey: Guid(cd591594d03a28249ab7ba6fcc14bdf1) Importer(815301076,1909f56bfc062723c751e8b465ee728b)
Start importing Assets/Scripts/Saving Game Data/SettingsData.cs using Guid(cd591594d03a28249ab7ba6fcc14bdf1) Importer(815301076,1909f56bfc062723c751e8b465ee728b)  -> (artifact id: 'ec8b4cba5e10158e3f74edcc36bd9bb7') in 0.009108 seconds
  Import took 0.116294 seconds .

========================================================================
Received Import Request.
  Time since last request: 16.892322 seconds.
  path: Assets/Scripts/Saving Game Data/LevelData.cs
  artifactKey: Guid(926de31f4aeddb2428ab335607d6d125) Importer(815301076,1909f56bfc062723c751e8b465ee728b)
Start importing Assets/Scripts/Saving Game Data/LevelData.cs using Guid(926de31f4aeddb2428ab335607d6d125) Importer(815301076,1909f56bfc062723c751e8b465ee728b)  -> (artifact id: '5f62d062ce6481ab923c890cccd9af00') in 0.015165 seconds
  Import took 0.061032 seconds .

========================================================================
Received Prepare
Registering precompiled user dll's ...
Registered in 0.001347 seconds.
Begin MonoManager ReloadAssembly
Native extension for WindowsStandalone target not found
Native extension for WebGL target not found
Refreshing native plugins compatible for Editor in 0.79 ms, found 0 plugins.
Preloading 0 native plugins for Editor in 0.00 ms.
Mono: successfully reloaded assembly
- Completed reload, in  1.847 seconds
Platform modules already initialized, skipping
Switching build target platform(5) subTarget(0) extendedPlatform(0) -> platform(13) subTarget(537395200) extendedPlatform(0)
Shader 'Universal Render Pipeline/Particles/Lit': fallback shader 'Universal Render Pipeline/Particles/SimpleLit' not found
Refreshing native plugins compatible for Editor in 0.70 ms, found 0 plugins.
Preloading 0 native plugins for Editor in 0.00 ms.
Unloading 2707 Unused Serialized files (Serialized files now loaded: 0)
System memory in use before: 212.1 MB.
System memory in use after: 212.3 MB.

Unloading 19 unused Assets to reduce memory usage. Loaded Objects now: 3312.
Total: 3.443200 ms (FindLiveObjects: 0.441600 ms CreateObjectMapping: 0.268300 ms MarkObjects: 2.649400 ms  DeleteObjects: 0.080900 ms)

AssetImportParameters requested are different than current active one (requested -> active):
  custom:graphics/normal-map-encoding: 01000000000000000000000000000000 -> 02000000000000000000000000000000
========================================================================
Received Import Request.
  Time since last request: 362.658779 seconds.
  path: Assets/Scripts/Saving Game Data/SavingSystem.cs
  artifactKey: Guid(0935843e50416db49a760534d52bedc0) Importer(815301076,1909f56bfc062723c751e8b465ee728b)
Start importing Assets/Scripts/Saving Game Data/SavingSystem.cs using Guid(0935843e50416db49a760534d52bedc0) Importer(815301076,1909f56bfc062723c751e8b465ee728b)  -> (artifact id: '34f75dcc2c0a67b8e71e0a47248b5579') in 0.009909 seconds
  Import took 0.302385 seconds .

========================================================================
Received Prepare
Registering precompiled user dll's ...
Registered in 0.002354 seconds.
Begin MonoManager ReloadAssembly
Native extension for WindowsStandalone target not found
Native extension for WebGL target not found
Refreshing native plugins compatible for Editor in 0.71 ms, found 0 plugins.
Preloading 0 native plugins for Editor in 0.00 ms.
Mono: successfully reloaded assembly
- Completed reload, in  1.201 seconds
Platform modules already initialized, skipping
Switching build target platform(5) subTarget(0) extendedPlatform(0) -> platform(13) subTarget(537395200) extendedPlatform(0)
Shader 'Universal Render Pipeline/Particles/Lit': fallback shader 'Universal Render Pipeline/Particles/SimpleLit' not found
Refreshing native plugins compatible for Editor in 0.72 ms, found 0 plugins.
Preloading 0 native plugins for Editor in 0.00 ms.
Unloading 2707 Unused Serialized files (Serialized files now loaded: 0)
System memory in use before: 212.1 MB.
System memory in use after: 212.4 MB.

Unloading 19 unused Assets to reduce memory usage. Loaded Objects now: 3315.
Total: 3.356900 ms (FindLiveObjects: 0.472100 ms CreateObjectMapping: 0.366400 ms MarkObjects: 2.494000 ms  DeleteObjects: 0.022600 ms)

AssetImportParameters requested are different than current active one (requested -> active):
  custom:graphics/normal-map-encoding: 01000000000000000000000000000000 -> 02000000000000000000000000000000
========================================================================
Received Import Request.
  Time since last request: 1611.970716 seconds.
  path: Assets/Scripts/Saving Game Data/SavingSystem.cs
  artifactKey: Guid(0935843e50416db49a760534d52bedc0) Importer(815301076,1909f56bfc062723c751e8b465ee728b)
Start importing Assets/Scripts/Saving Game Data/SavingSystem.cs using Guid(0935843e50416db49a760534d52bedc0) Importer(815301076,1909f56bfc062723c751e8b465ee728b)  -> (artifact id: '8f4466c9b0ef047ca604c69640566976') in 0.013391 seconds
  Import took 0.293391 seconds .

========================================================================
Received Import Request.
  Time since last request: 0.015527 seconds.
  path: Assets/Scripts/Saving Game Data/SavingSystem.cs
  artifactKey: Guid(0935843e50416db49a760534d52bedc0) Importer(815301076,1909f56bfc062723c751e8b465ee728b)
Start importing Assets/Scripts/Saving Game Data/SavingSystem.cs using Guid(0935843e50416db49a760534d52bedc0) Importer(815301076,1909f56bfc062723c751e8b465ee728b)  -> (artifact id: '8f4466c9b0ef047ca604c69640566976') in 0.003949 seconds
  Import took 0.627251 seconds .

========================================================================
Received Import Request.
  Time since last request: 93.835132 seconds.
  path: Assets/Scripts/Saving Game Data/LevelData.cs
  artifactKey: Guid(926de31f4aeddb2428ab335607d6d125) Importer(815301076,1909f56bfc062723c751e8b465ee728b)
Start importing Assets/Scripts/Saving Game Data/LevelData.cs using Guid(926de31f4aeddb2428ab335607d6d125) Importer(815301076,1909f56bfc062723c751e8b465ee728b)  -> (artifact id: 'd4534431814d6b2168748984af5a6b6f') in 0.003929 seconds
  Import took 0.057848 seconds .

========================================================================
Received Import Request.
  Time since last request: 658.118417 seconds.
  path: Assets/Scripts/Game Scripts/SavingData/Level_Manager.cs
  artifactKey: Guid(bc42582703c0c694a90f6fd55f52b424) Importer(815301076,1909f56bfc062723c751e8b465ee728b)
Start importing Assets/Scripts/Game Scripts/SavingData/Level_Manager.cs using Guid(bc42582703c0c694a90f6fd55f52b424) Importer(815301076,1909f56bfc062723c751e8b465ee728b)  -> (artifact id: 'f91ab528a93e20574d3e969b2e10109c') in 0.011968 seconds
  Import took 0.077055 seconds .

========================================================================
Received Prepare
Registering precompiled user dll's ...
Registered in 0.001410 seconds.
Begin MonoManager ReloadAssembly
Native extension for WindowsStandalone target not found
Native extension for WebGL target not found
Refreshing native plugins compatible for Editor in 0.67 ms, found 0 plugins.
Preloading 0 native plugins for Editor in 0.00 ms.
Mono: successfully reloaded assembly
- Completed reload, in  4.208 seconds
Platform modules already initialized, skipping
Switching build target platform(5) subTarget(0) extendedPlatform(0) -> platform(13) subTarget(537395200) extendedPlatform(0)
Shader 'Universal Render Pipeline/Particles/Lit': fallback shader 'Universal Render Pipeline/Particles/SimpleLit' not found
Refreshing native plugins compatible for Editor in 0.86 ms, found 0 plugins.
Preloading 0 native plugins for Editor in 0.00 ms.
Unloading 2707 Unused Serialized files (Serialized files now loaded: 0)
System memory in use before: 212.2 MB.
System memory in use after: 212.4 MB.

Unloading 19 unused Assets to reduce memory usage. Loaded Objects now: 3318.
Total: 3.782000 ms (FindLiveObjects: 0.385600 ms CreateObjectMapping: 0.328100 ms MarkObjects: 3.039100 ms  DeleteObjects: 0.026800 ms)

AssetImportParameters requested are different than current active one (requested -> active):
  custom:graphics/normal-map-encoding: 01000000000000000000000000000000 -> 02000000000000000000000000000000
========================================================================
Received Prepare
Registering precompiled user dll's ...
Registered in 0.001324 seconds.
Begin MonoManager ReloadAssembly
Native extension for WindowsStandalone target not found
Native extension for WebGL target not found
Refreshing native plugins compatible for Editor in 0.68 ms, found 0 plugins.
Preloading 0 native plugins for Editor in 0.00 ms.
Mono: successfully reloaded assembly
- Completed reload, in  1.656 seconds
Platform modules already initialized, skipping
Switching build target platform(5) subTarget(0) extendedPlatform(0) -> platform(13) subTarget(537395200) extendedPlatform(0)
Shader 'Universal Render Pipeline/Particles/Lit': fallback shader 'Universal Render Pipeline/Particles/SimpleLit' not found
Refreshing native plugins compatible for Editor in 0.92 ms, found 0 plugins.
Preloading 0 native plugins for Editor in 0.00 ms.
Unloading 2707 Unused Serialized files (Serialized files now loaded: 0)
System memory in use before: 212.2 MB.
System memory in use after: 212.4 MB.

Unloading 19 unused Assets to reduce memory usage. Loaded Objects now: 3321.
Total: 3.291600 ms (FindLiveObjects: 0.563900 ms CreateObjectMapping: 0.223300 ms MarkObjects: 2.460900 ms  DeleteObjects: 0.040900 ms)

AssetImportParameters requested are different than current active one (requested -> active):
  custom:graphics/normal-map-encoding: 01000000000000000000000000000000 -> 02000000000000000000000000000000
========================================================================
Received Import Request.
  Time since last request: 2919.811370 seconds.
  path: Assets/Scripts/Game Scripts/SavingData/Almanac_CardRefresher.cs
  artifactKey: Guid(31a064cd053dc2d4eb9b4472c320d8aa) Importer(815301076,1909f56bfc062723c751e8b465ee728b)
Start importing Assets/Scripts/Game Scripts/SavingData/Almanac_CardRefresher.cs using Guid(31a064cd053dc2d4eb9b4472c320d8aa) Importer(815301076,1909f56bfc062723c751e8b465ee728b)  -> (artifact id: 'ae16e8fafe24d190bb4fb33eb1319906') in 0.015043 seconds
  Import took 0.086119 seconds .

========================================================================
Received Prepare
Registering precompiled user dll's ...
Registered in 0.001515 seconds.
Begin MonoManager ReloadAssembly
Native extension for WindowsStandalone target not found
Native extension for WebGL target not found
Refreshing native plugins compatible for Editor in 0.77 ms, found 0 plugins.
Preloading 0 native plugins for Editor in 0.00 ms.
Mono: successfully reloaded assembly
- Completed reload, in  1.641 seconds
Platform modules already initialized, skipping
Switching build target platform(5) subTarget(0) extendedPlatform(0) -> platform(13) subTarget(537395200) extendedPlatform(0)
Shader 'Universal Render Pipeline/Particles/Lit': fallback shader 'Universal Render Pipeline/Particles/SimpleLit' not found
Refreshing native plugins compatible for Editor in 0.98 ms, found 0 plugins.
Preloading 0 native plugins for Editor in 0.00 ms.
Unloading 2707 Unused Serialized files (Serialized files now loaded: 0)
System memory in use before: 212.2 MB.
System memory in use after: 212.4 MB.

Unloading 19 unused Assets to reduce memory usage. Loaded Objects now: 3324.
Total: 5.424000 ms (FindLiveObjects: 0.563200 ms CreateObjectMapping: 0.450500 ms MarkObjects: 4.379400 ms  DeleteObjects: 0.028500 ms)

AssetImportParameters requested are different than current active one (requested -> active):
  custom:graphics/normal-map-encoding: 01000000000000000000000000000000 -> 02000000000000000000000000000000
========================================================================
Received Prepare
Registering precompiled user dll's ...
Registered in 0.001302 seconds.
Begin MonoManager ReloadAssembly
Native extension for WindowsStandalone target not found
Native extension for WebGL target not found
Refreshing native plugins compatible for Editor in 0.72 ms, found 0 plugins.
Preloading 0 native plugins for Editor in 0.00 ms.
Mono: successfully reloaded assembly
- Completed reload, in  1.415 seconds
Platform modules already initialized, skipping
Switching build target platform(5) subTarget(0) extendedPlatform(0) -> platform(13) subTarget(537395200) extendedPlatform(0)
Shader 'Universal Render Pipeline/Particles/Lit': fallback shader 'Universal Render Pipeline/Particles/SimpleLit' not found
Refreshing native plugins compatible for Editor in 0.70 ms, found 0 plugins.
Preloading 0 native plugins for Editor in 0.00 ms.
Unloading 2707 Unused Serialized files (Serialized files now loaded: 0)
System memory in use before: 212.2 MB.
System memory in use after: 212.4 MB.

Unloading 19 unused Assets to reduce memory usage. Loaded Objects now: 3327.
Total: 4.361800 ms (FindLiveObjects: 0.743400 ms CreateObjectMapping: 0.496100 ms MarkObjects: 3.094900 ms  DeleteObjects: 0.025200 ms)

AssetImportParameters requested are different than current active one (requested -> active):
  custom:graphics/normal-map-encoding: 01000000000000000000000000000000 -> 02000000000000000000000000000000
========================================================================
Received Prepare
Registering precompiled user dll's ...
Registered in 0.001294 seconds.
Begin MonoManager ReloadAssembly
Native extension for WindowsStandalone target not found
Native extension for WebGL target not found
Refreshing native plugins compatible for Editor in 0.66 ms, found 0 plugins.
Preloading 0 native plugins for Editor in 0.00 ms.
Mono: successfully reloaded assembly
- Completed reload, in  1.441 seconds
Platform modules already initialized, skipping
Switching build target platform(5) subTarget(0) extendedPlatform(0) -> platform(13) subTarget(537395200) extendedPlatform(0)
Shader 'Universal Render Pipeline/Particles/Lit': fallback shader 'Universal Render Pipeline/Particles/SimpleLit' not found
Refreshing native plugins compatible for Editor in 0.68 ms, found 0 plugins.
Preloading 0 native plugins for Editor in 0.00 ms.
Unloading 2707 Unused Serialized files (Serialized files now loaded: 0)
System memory in use before: 212.2 MB.
System memory in use after: 212.4 MB.

Unloading 19 unused Assets to reduce memory usage. Loaded Objects now: 3330.
Total: 3.293300 ms (FindLiveObjects: 0.394900 ms CreateObjectMapping: 0.223300 ms MarkObjects: 2.648600 ms  DeleteObjects: 0.024200 ms)

AssetImportParameters requested are different than current active one (requested -> active):
  custom:graphics/normal-map-encoding: 01000000000000000000000000000000 -> 02000000000000000000000000000000
========================================================================
Received Prepare
Registering precompiled user dll's ...
Registered in 0.002135 seconds.
Begin MonoManager ReloadAssembly
Native extension for WindowsStandalone target not found
Native extension for WebGL target not found
Refreshing native plugins compatible for Editor in 0.76 ms, found 0 plugins.
Preloading 0 native plugins for Editor in 0.00 ms.
Mono: successfully reloaded assembly
- Completed reload, in  2.696 seconds
Platform modules already initialized, skipping
Switching build target platform(5) subTarget(0) extendedPlatform(0) -> platform(13) subTarget(537395200) extendedPlatform(0)
Shader 'Universal Render Pipeline/Particles/Lit': fallback shader 'Universal Render Pipeline/Particles/SimpleLit' not found
Refreshing native plugins compatible for Editor in 0.85 ms, found 0 plugins.
Preloading 0 native plugins for Editor in 0.00 ms.
Unloading 2707 Unused Serialized files (Serialized files now loaded: 0)
System memory in use before: 212.2 MB.
System memory in use after: 212.5 MB.

Unloading 19 unused Assets to reduce memory usage. Loaded Objects now: 3333.
Total: 4.033900 ms (FindLiveObjects: 0.440100 ms CreateObjectMapping: 0.320400 ms MarkObjects: 3.242800 ms  DeleteObjects: 0.028000 ms)

AssetImportParameters requested are different than current active one (requested -> active):
  custom:graphics/normal-map-encoding: 01000000000000000000000000000000 -> 02000000000000000000000000000000
========================================================================
Received Prepare
Registering precompiled user dll's ...
Registered in 0.001835 seconds.
Begin MonoManager ReloadAssembly
Native extension for WindowsStandalone target not found
Native extension for WebGL target not found
Refreshing native plugins compatible for Editor in 0.66 ms, found 0 plugins.
Preloading 0 native plugins for Editor in 0.00 ms.
Mono: successfully reloaded assembly
- Completed reload, in  1.467 seconds
Platform modules already initialized, skipping
Switching build target platform(5) subTarget(0) extendedPlatform(0) -> platform(13) subTarget(537395200) extendedPlatform(0)
Shader 'Universal Render Pipeline/Particles/Lit': fallback shader 'Universal Render Pipeline/Particles/SimpleLit' not found
Refreshing native plugins compatible for Editor in 0.62 ms, found 0 plugins.
Preloading 0 native plugins for Editor in 0.00 ms.
Unloading 2707 Unused Serialized files (Serialized files now loaded: 0)
System memory in use before: 212.2 MB.
System memory in use after: 212.5 MB.

Unloading 19 unused Assets to reduce memory usage. Loaded Objects now: 3336.
Total: 3.358700 ms (FindLiveObjects: 0.413100 ms CreateObjectMapping: 0.258500 ms MarkObjects: 2.641600 ms  DeleteObjects: 0.044100 ms)

AssetImportParameters requested are different than current active one (requested -> active):
  custom:graphics/normal-map-encoding: 01000000000000000000000000000000 -> 02000000000000000000000000000000
========================================================================
Received Prepare
Registering precompiled user dll's ...
Registered in 0.001385 seconds.
Begin MonoManager ReloadAssembly
Native extension for WindowsStandalone target not found
Native extension for WebGL target not found
Refreshing native plugins compatible for Editor in 0.74 ms, found 0 plugins.
Preloading 0 native plugins for Editor in 0.00 ms.
Mono: successfully reloaded assembly
- Completed reload, in  1.462 seconds
Platform modules already initialized, skipping
Switching build target platform(5) subTarget(0) extendedPlatform(0) -> platform(13) subTarget(537395200) extendedPlatform(0)
Shader 'Universal Render Pipeline/Particles/Lit': fallback shader 'Universal Render Pipeline/Particles/SimpleLit' not found
Refreshing native plugins compatible for Editor in 0.67 ms, found 0 plugins.
Preloading 0 native plugins for Editor in 0.00 ms.
Unloading 2707 Unused Serialized files (Serialized files now loaded: 0)
System memory in use before: 212.2 MB.
System memory in use after: 212.5 MB.

Unloading 19 unused Assets to reduce memory usage. Loaded Objects now: 3339.
Total: 3.702600 ms (FindLiveObjects: 0.541400 ms CreateObjectMapping: 0.302800 ms MarkObjects: 2.830200 ms  DeleteObjects: 0.025500 ms)

AssetImportParameters requested are different than current active one (requested -> active):
  custom:graphics/normal-map-encoding: 01000000000000000000000000000000 -> 02000000000000000000000000000000
========================================================================
Received Prepare
Registering precompiled user dll's ...
Registered in 0.001426 seconds.
Begin MonoManager ReloadAssembly
Native extension for WindowsStandalone target not found
Native extension for WebGL target not found
Refreshing native plugins compatible for Editor in 2.79 ms, found 0 plugins.
Preloading 0 native plugins for Editor in 0.00 ms.
Mono: successfully reloaded assembly
- Completed reload, in  1.886 seconds
Platform modules already initialized, skipping
Switching build target platform(5) subTarget(0) extendedPlatform(0) -> platform(13) subTarget(537395200) extendedPlatform(0)
Shader 'Universal Render Pipeline/Particles/Lit': fallback shader 'Universal Render Pipeline/Particles/SimpleLit' not found
Refreshing native plugins compatible for Editor in 0.70 ms, found 0 plugins.
Preloading 0 native plugins for Editor in 0.00 ms.
Unloading 2707 Unused Serialized files (Serialized files now loaded: 0)
System memory in use before: 212.2 MB.
System memory in use after: 212.5 MB.

Unloading 19 unused Assets to reduce memory usage. Loaded Objects now: 3342.
Total: 3.782800 ms (FindLiveObjects: 0.612100 ms CreateObjectMapping: 0.282900 ms MarkObjects: 2.855400 ms  DeleteObjects: 0.030000 ms)

AssetImportParameters requested are different than current active one (requested -> active):
  custom:graphics/normal-map-encoding: 01000000000000000000000000000000 -> 02000000000000000000000000000000
========================================================================
Received Prepare
Registering precompiled user dll's ...
Registered in 0.001435 seconds.
Begin MonoManager ReloadAssembly
Native extension for WindowsStandalone target not found
Native extension for WebGL target not found
Refreshing native plugins compatible for Editor in 0.79 ms, found 0 plugins.
Preloading 0 native plugins for Editor in 0.00 ms.
Mono: successfully reloaded assembly
- Completed reload, in  1.736 seconds
Platform modules already initialized, skipping
Switching build target platform(5) subTarget(0) extendedPlatform(0) -> platform(13) subTarget(537395200) extendedPlatform(0)
Shader 'Universal Render Pipeline/Particles/Lit': fallback shader 'Universal Render Pipeline/Particles/SimpleLit' not found
Refreshing native plugins compatible for Editor in 1.09 ms, found 0 plugins.
Preloading 0 native plugins for Editor in 0.00 ms.
Unloading 2707 Unused Serialized files (Serialized files now loaded: 0)
System memory in use before: 212.3 MB.
System memory in use after: 212.5 MB.

Unloading 19 unused Assets to reduce memory usage. Loaded Objects now: 3345.
Total: 3.571000 ms (FindLiveObjects: 0.657800 ms CreateObjectMapping: 0.338700 ms MarkObjects: 2.545500 ms  DeleteObjects: 0.027400 ms)

AssetImportParameters requested are different than current active one (requested -> active):
  custom:graphics/normal-map-encoding: 01000000000000000000000000000000 -> 02000000000000000000000000000000
========================================================================
Received Prepare
Registering precompiled user dll's ...
Registered in 0.002529 seconds.
Begin MonoManager ReloadAssembly
Native extension for WindowsStandalone target not found
Native extension for WebGL target not found
Refreshing native plugins compatible for Editor in 0.95 ms, found 0 plugins.
Preloading 0 native plugins for Editor in 0.00 ms.
Mono: successfully reloaded assembly
- Completed reload, in  1.424 seconds
Platform modules already initialized, skipping
Switching build target platform(5) subTarget(0) extendedPlatform(0) -> platform(13) subTarget(537395200) extendedPlatform(0)
Shader 'Universal Render Pipeline/Particles/Lit': fallback shader 'Universal Render Pipeline/Particles/SimpleLit' not found
Refreshing native plugins compatible for Editor in 0.67 ms, found 0 plugins.
Preloading 0 native plugins for Editor in 0.00 ms.
Unloading 2707 Unused Serialized files (Serialized files now loaded: 0)
System memory in use before: 212.3 MB.
System memory in use after: 212.5 MB.

Unloading 19 unused Assets to reduce memory usage. Loaded Objects now: 3348.
Total: 5.032900 ms (FindLiveObjects: 0.544600 ms CreateObjectMapping: 0.778700 ms MarkObjects: 3.673300 ms  DeleteObjects: 0.034300 ms)

AssetImportParameters requested are different than current active one (requested -> active):
  custom:graphics/normal-map-encoding: 01000000000000000000000000000000 -> 02000000000000000000000000000000
========================================================================
Received Prepare
Registering precompiled user dll's ...
Registered in 0.001287 seconds.
Begin MonoManager ReloadAssembly
Native extension for WindowsStandalone target not found
Native extension for WebGL target not found
Refreshing native plugins compatible for Editor in 0.95 ms, found 0 plugins.
Preloading 0 native plugins for Editor in 0.00 ms.
Mono: successfully reloaded assembly
- Completed reload, in  1.545 seconds
Platform modules already initialized, skipping
Switching build target platform(5) subTarget(0) extendedPlatform(0) -> platform(13) subTarget(537395200) extendedPlatform(0)
Shader 'Universal Render Pipeline/Particles/Lit': fallback shader 'Universal Render Pipeline/Particles/SimpleLit' not found
Refreshing native plugins compatible for Editor in 1.01 ms, found 0 plugins.
Preloading 0 native plugins for Editor in 0.00 ms.
Unloading 2707 Unused Serialized files (Serialized files now loaded: 0)
System memory in use before: 212.3 MB.
System memory in use after: 212.5 MB.

Unloading 19 unused Assets to reduce memory usage. Loaded Objects now: 3351.
Total: 4.285500 ms (FindLiveObjects: 0.403700 ms CreateObjectMapping: 0.269100 ms MarkObjects: 3.581300 ms  DeleteObjects: 0.029900 ms)

AssetImportParameters requested are different than current active one (requested -> active):
  custom:graphics/normal-map-encoding: 01000000000000000000000000000000 -> 02000000000000000000000000000000
========================================================================
Received Prepare
Registering precompiled user dll's ...
Registered in 0.001626 seconds.
Begin MonoManager ReloadAssembly
Native extension for WindowsStandalone target not found
Native extension for WebGL target not found
Refreshing native plugins compatible for Editor in 0.93 ms, found 0 plugins.
Preloading 0 native plugins for Editor in 0.00 ms.
Mono: successfully reloaded assembly
- Completed reload, in  1.295 seconds
Platform modules already initialized, skipping
Switching build target platform(5) subTarget(0) extendedPlatform(0) -> platform(13) subTarget(537395200) extendedPlatform(0)
Shader 'Universal Render Pipeline/Particles/Lit': fallback shader 'Universal Render Pipeline/Particles/SimpleLit' not found
Refreshing native plugins compatible for Editor in 0.70 ms, found 0 plugins.
Preloading 0 native plugins for Editor in 0.00 ms.
Unloading 2707 Unused Serialized files (Serialized files now loaded: 0)
System memory in use before: 212.3 MB.
System memory in use after: 212.5 MB.

Unloading 19 unused Assets to reduce memory usage. Loaded Objects now: 3354.
Total: 3.853500 ms (FindLiveObjects: 0.553900 ms CreateObjectMapping: 0.384900 ms MarkObjects: 2.884700 ms  DeleteObjects: 0.028600 ms)

AssetImportParameters requested are different than current active one (requested -> active):
  custom:graphics/normal-map-encoding: 01000000000000000000000000000000 -> 02000000000000000000000000000000
========================================================================
Received Prepare
Registering precompiled user dll's ...
Registered in 0.001332 seconds.
Begin MonoManager ReloadAssembly
Native extension for WindowsStandalone target not found
Native extension for WebGL target not found
Refreshing native plugins compatible for Editor in 0.82 ms, found 0 plugins.
Preloading 0 native plugins for Editor in 0.00 ms.
Mono: successfully reloaded assembly
- Completed reload, in  1.478 seconds
Platform modules already initialized, skipping
Switching build target platform(5) subTarget(0) extendedPlatform(0) -> platform(13) subTarget(537395200) extendedPlatform(0)
Shader 'Universal Render Pipeline/Particles/Lit': fallback shader 'Universal Render Pipeline/Particles/SimpleLit' not found
Refreshing native plugins compatible for Editor in 0.98 ms, found 0 plugins.
Preloading 0 native plugins for Editor in 0.00 ms.
Unloading 2707 Unused Serialized files (Serialized files now loaded: 0)
System memory in use before: 212.3 MB.
System memory in use after: 212.5 MB.

Unloading 19 unused Assets to reduce memory usage. Loaded Objects now: 3357.
Total: 5.550100 ms (FindLiveObjects: 0.746400 ms CreateObjectMapping: 0.543900 ms MarkObjects: 4.227200 ms  DeleteObjects: 0.030200 ms)

AssetImportParameters requested are different than current active one (requested -> active):
  custom:graphics/normal-map-encoding: 01000000000000000000000000000000 -> 02000000000000000000000000000000
========================================================================
Received Prepare
Registering precompiled user dll's ...
Registered in 0.002989 seconds.
Begin MonoManager ReloadAssembly
Native extension for WindowsStandalone target not found
Native extension for WebGL target not found
Refreshing native plugins compatible for Editor in 0.80 ms, found 0 plugins.
Preloading 0 native plugins for Editor in 0.00 ms.
Mono: successfully reloaded assembly
- Completed reload, in  1.276 seconds
Platform modules already initialized, skipping
Switching build target platform(5) subTarget(0) extendedPlatform(0) -> platform(13) subTarget(537395200) extendedPlatform(0)
Shader 'Universal Render Pipeline/Particles/Lit': fallback shader 'Universal Render Pipeline/Particles/SimpleLit' not found
Refreshing native plugins compatible for Editor in 0.66 ms, found 0 plugins.
Preloading 0 native plugins for Editor in 0.00 ms.
Unloading 2707 Unused Serialized files (Serialized files now loaded: 0)
System memory in use before: 212.3 MB.
System memory in use after: 212.5 MB.

Unloading 19 unused Assets to reduce memory usage. Loaded Objects now: 3360.
Total: 3.713900 ms (FindLiveObjects: 0.378700 ms CreateObjectMapping: 0.267500 ms MarkObjects: 3.033500 ms  DeleteObjects: 0.032100 ms)

AssetImportParameters requested are different than current active one (requested -> active):
  custom:graphics/normal-map-encoding: 01000000000000000000000000000000 -> 02000000000000000000000000000000
========================================================================
Received Import Request.
  Time since last request: 5142.320944 seconds.
  path: Assets/Scripts/Game Scripts/Card_Manager.cs
  artifactKey: Guid(e5dc64bbebcc8a7438945d636ddb7bef) Importer(815301076,1909f56bfc062723c751e8b465ee728b)
Start importing Assets/Scripts/Game Scripts/Card_Manager.cs using Guid(e5dc64bbebcc8a7438945d636ddb7bef) Importer(815301076,1909f56bfc062723c751e8b465ee728b)  -> (artifact id: 'b9c666a7e782192932b38a06c933df05') in 0.078612 seconds
  Import took 0.451209 seconds .

========================================================================
Received Prepare
Registering precompiled user dll's ...
Registered in 0.001504 seconds.
Begin MonoManager ReloadAssembly
Native extension for WindowsStandalone target not found
Native extension for WebGL target not found
Refreshing native plugins compatible for Editor in 0.89 ms, found 0 plugins.
Preloading 0 native plugins for Editor in 0.00 ms.
Mono: successfully reloaded assembly
- Completed reload, in  1.287 seconds
Platform modules already initialized, skipping
Switching build target platform(5) subTarget(0) extendedPlatform(0) -> platform(13) subTarget(537395200) extendedPlatform(0)
Shader 'Universal Render Pipeline/Particles/Lit': fallback shader 'Universal Render Pipeline/Particles/SimpleLit' not found
Refreshing native plugins compatible for Editor in 0.69 ms, found 0 plugins.
Preloading 0 native plugins for Editor in 0.00 ms.
Unloading 2707 Unused Serialized files (Serialized files now loaded: 0)
System memory in use before: 212.3 MB.
System memory in use after: 212.5 MB.

Unloading 19 unused Assets to reduce memory usage. Loaded Objects now: 3363.
Total: 3.773100 ms (FindLiveObjects: 0.734800 ms CreateObjectMapping: 0.368300 ms MarkObjects: 2.640700 ms  DeleteObjects: 0.026500 ms)

AssetImportParameters requested are different than current active one (requested -> active):
  custom:graphics/normal-map-encoding: 01000000000000000000000000000000 -> 02000000000000000000000000000000
========================================================================
Received Import Request.
  Time since last request: 447.322956 seconds.
  path: Assets/Scripts/Game Scripts/Card_Manager.cs
  artifactKey: Guid(e5dc64bbebcc8a7438945d636ddb7bef) Importer(815301076,1909f56bfc062723c751e8b465ee728b)
Start importing Assets/Scripts/Game Scripts/Card_Manager.cs using Guid(e5dc64bbebcc8a7438945d636ddb7bef) Importer(815301076,1909f56bfc062723c751e8b465ee728b)  -> (artifact id: 'a417cbc94947b44d537b4af6c6b4ec46') in 0.008351 seconds
  Import took 0.053600 seconds .

========================================================================
Received Import Request.
  Time since last request: 123.213067 seconds.
  path: Assets/Scripts/Game Scripts/Card_Manager.cs
  artifactKey: Guid(e5dc64bbebcc8a7438945d636ddb7bef) Importer(815301076,1909f56bfc062723c751e8b465ee728b)
Start importing Assets/Scripts/Game Scripts/Card_Manager.cs using Guid(e5dc64bbebcc8a7438945d636ddb7bef) Importer(815301076,1909f56bfc062723c751e8b465ee728b)  -> (artifact id: 'a15dadecd08d844197376b457f4a74a8') in 0.004856 seconds
  Import took 0.128529 seconds .

========================================================================
Received Import Request.
  Time since last request: 0.003599 seconds.
  path: Assets/Scripts/Game Scripts/Card_Manager.cs
  artifactKey: Guid(e5dc64bbebcc8a7438945d636ddb7bef) Importer(815301076,1909f56bfc062723c751e8b465ee728b)
Start importing Assets/Scripts/Game Scripts/Card_Manager.cs using Guid(e5dc64bbebcc8a7438945d636ddb7bef) Importer(815301076,1909f56bfc062723c751e8b465ee728b)  -> (artifact id: 'a15dadecd08d844197376b457f4a74a8') in 0.004037 seconds
  Import took 0.013947 seconds .

========================================================================
Received Prepare
Registering precompiled user dll's ...
Registered in 0.001363 seconds.
Begin MonoManager ReloadAssembly
Native extension for WindowsStandalone target not found
Native extension for WebGL target not found
Refreshing native plugins compatible for Editor in 0.70 ms, found 0 plugins.
Preloading 0 native plugins for Editor in 0.00 ms.
Mono: successfully reloaded assembly
- Completed reload, in  1.265 seconds
Platform modules already initialized, skipping
Switching build target platform(5) subTarget(0) extendedPlatform(0) -> platform(13) subTarget(537395200) extendedPlatform(0)
Shader 'Universal Render Pipeline/Particles/Lit': fallback shader 'Universal Render Pipeline/Particles/SimpleLit' not found
Refreshing native plugins compatible for Editor in 0.91 ms, found 0 plugins.
Preloading 0 native plugins for Editor in 0.00 ms.
Unloading 2707 Unused Serialized files (Serialized files now loaded: 0)
System memory in use before: 212.3 MB.
System memory in use after: 212.5 MB.

Unloading 19 unused Assets to reduce memory usage. Loaded Objects now: 3366.
Total: 3.512700 ms (FindLiveObjects: 0.584700 ms CreateObjectMapping: 0.311200 ms MarkObjects: 2.585900 ms  DeleteObjects: 0.028900 ms)

AssetImportParameters requested are different than current active one (requested -> active):
  custom:graphics/normal-map-encoding: 01000000000000000000000000000000 -> 02000000000000000000000000000000
